<?xml version="1.0" encoding="UTF-8"?>
<!-- Generated by org.testng.reporters.JUnitXMLReporter -->
<testsuite hostname="E0211935" name="Test1" tests="5" failures="0" timestamp="18 May 2019 12:07:10 GMT" time="37.499" errors="0">
  <testcase name="searchPackagesForAvailableCountries" time="2.424" classname="pages.HomePageTest"/>
  <testcase name="verifyDepartureDates" time="2.449" classname="pages.HomePageTest"/>
  <testcase name="verifyLastMinuteDeals" time="8.214" classname="pages.HomePageTest"/>
  <testcase name="verifyPackagesAreDisplayedByDeals" time="4.501" classname="pages.HomePageTest"/>
  <testcase name="verifyViewTour" time="3.804" classname="pages.HomePageTest"/>
</testsuite> <!-- Test1 -->
