<?xml version="1.0" encoding="UTF-8"?>
<testng-results skipped="0" failed="0" ignored="0" total="0" passed="0">
  <reporter-output>
  </reporter-output>
  <suite name="Tests" duration-ms="69" started-at="2019-07-26T23:14:16Z" finished-at="2019-07-26T23:14:16Z">
    <groups>
    </groups>
    <test name="Test1" duration-ms="12" started-at="2019-07-26T23:14:16Z" finished-at="2019-07-26T23:14:16Z">
    </test> <!-- Test1 -->
    <test name="Test2" duration-ms="1" started-at="2019-07-26T23:14:16Z" finished-at="2019-07-26T23:14:16Z">
    </test> <!-- Test2 -->
  </suite> <!-- Tests -->
</testng-results>
